<?xml version="1.0" encoding="UTF-8"?>
<!-- Generated by org.testng.reporters.JUnitReportReporter -->
<testsuite hostname="ASUS-PC" failures="0" tests="8" name="com.automation.testcases.Test_TypesOfLinkListsPage" time="658.301" errors="0" timestamp="2021-11-24T18:17:40 EST" skipped="0">
  <testcase classname="com.automation.testcases.Test_TypesOfLinkListsPage" name="Single_Link_List_Intro_Page" time="280.771"/>
  <system-out>
    <![CDATA[https://www.javatpoint.com/singly-linked-listSinlgle Linked List Works]]>
  </system-out>
  <testcase classname="com.automation.testcases.Test_TypesOfLinkListsPage" name="Single_Link_List_Intro_Page" time="290.175"/>
  <system-out>
    <![CDATA[https://www.javatpoint.com/singly-linked-listSinlgle Linked List Works]]>
  </system-out>
  <testcase classname="com.automation.testcases.Test_TypesOfLinkListsPage" name="Linked_list_jp" time="13.545"/>
  <system-out>
    <![CDATA[https://www.javatpoint.com/ds-linked-listDS Linked List Works]]>
  </system-out>
  <testcase classname="com.automation.testcases.Test_TypesOfLinkListsPage" name="Linked_list_jp" time="9.306"/>
  <system-out>
    <![CDATA[https://www.javatpoint.com/ds-linked-listDS Linked List Works]]>
  </system-out>
  <testcase classname="com.automation.testcases.Test_TypesOfLinkListsPage" name="Double_Link_List_jp" time="4.847"/>
  <system-out>
    <![CDATA[https://www.javatpoint.com/doubly-linked-listDoubly Linked Link Works]]>
  </system-out>
  <testcase classname="com.automation.testcases.Test_TypesOfLinkListsPage" name="JP_Types_Of_Linked_List" time="45.317"/>
  <system-out>
    <![CDATA[https://www.javatpoint.com/ds-types-of-linked-listTypes Link Works]]>
  </system-out>
  <testcase classname="com.automation.testcases.Test_TypesOfLinkListsPage" name="Double_Link_List_jp" time="10.832"/>
  <system-out>
    <![CDATA[https://www.javatpoint.com/doubly-linked-listDoubly Linked Link Works]]>
  </system-out>
  <testcase classname="com.automation.testcases.Test_TypesOfLinkListsPage" name="JP_Types_Of_Linked_List" time="3.508"/>
  <system-out>
    <![CDATA[https://www.javatpoint.com/ds-types-of-linked-listTypes Link Works]]>
  </system-out>
</testsuite> <!-- com.automation.testcases.Test_TypesOfLinkListsPage -->
