<?xml version="1.0" encoding="UTF-8"?>
<!-- Generated by org.testng.reporters.JUnitReportReporter -->
<testsuite hostname="ASUS-PC" failures="0" tests="14" name="com.automation.testcases.TestLinks_AllLinkedLists_Options" time="43.112" errors="0" timestamp="2021-11-24T18:33:06 EST" skipped="0">
  <testcase classname="com.automation.testcases.TestLinks_AllLinkedLists_Options" name="Types_Of_Linked_List" time="2.551"/>
  <system-out>
    <![CDATA[Types Link Navigation Workshttp://dsportalapp.herokuapp.com/linked-list/types-of-linked-list/]]>
  </system-out>
  <testcase classname="com.automation.testcases.TestLinks_AllLinkedLists_Options" name="Traversal" time="2.709"/>
  <system-out>
    <![CDATA[Traversal Link Navigation Workshttp://dsportalapp.herokuapp.com/linked-list/traversal/]]>
  </system-out>
  <testcase classname="com.automation.testcases.TestLinks_AllLinkedLists_Options" name="Traversal" time="2.474"/>
  <system-out>
    <![CDATA[Traversal Link Navigation Workshttp://dsportalapp.herokuapp.com/linked-list/traversal/]]>
  </system-out>
  <testcase classname="com.automation.testcases.TestLinks_AllLinkedLists_Options" name="Implement_Linked_List_In_Python" time="3.573"/>
  <system-out>
    <![CDATA[Implemented Linked Lists Links Navigation Works http://dsportalapp.herokuapp.com/linked-list/implement-linked-list-in-python/]]>
  </system-out>
  <testcase classname="com.automation.testcases.TestLinks_AllLinkedLists_Options" name="Insertion" time="3.308"/>
  <system-out>
    <![CDATA[Insertion Link Navigation Workshttp://dsportalapp.herokuapp.com/linked-list/insertion-in-linked-list/]]>
  </system-out>
  <testcase classname="com.automation.testcases.TestLinks_AllLinkedLists_Options" name="Introduction_Check" time="2.399"/>
  <system-out>
    <![CDATA[The Introduction Link Navigation Workshttp://dsportalapp.herokuapp.com/linked-list/introduction/]]>
  </system-out>
  <testcase classname="com.automation.testcases.TestLinks_AllLinkedLists_Options" name="Implement_Linked_List_In_Python" time="3.642"/>
  <system-out>
    <![CDATA[Implemented Linked Lists Links Navigation Works http://dsportalapp.herokuapp.com/linked-list/implement-linked-list-in-python/]]>
  </system-out>
  <testcase classname="com.automation.testcases.TestLinks_AllLinkedLists_Options" name="Creating_Linked_List_Check" time="2.539"/>
  <system-out>
    <![CDATA[Creating_Linked_List Navigation Workshttp://dsportalapp.herokuapp.com/linked-list/creating-linked-list/]]>
  </system-out>
  <testcase classname="com.automation.testcases.TestLinks_AllLinkedLists_Options" name="Creating_Linked_List_Check" time="3.997"/>
  <system-out>
    <![CDATA[Creating_Linked_List Navigation Workshttp://dsportalapp.herokuapp.com/linked-list/creating-linked-list/]]>
  </system-out>
  <testcase classname="com.automation.testcases.TestLinks_AllLinkedLists_Options" name="Deletion" time="4.446"/>
  <system-out>
    <![CDATA[Deletion Link Navigation Workshttp://dsportalapp.herokuapp.com/linked-list/deletion-in-linked-list/]]>
  </system-out>
  <testcase classname="com.automation.testcases.TestLinks_AllLinkedLists_Options" name="Insertion" time="2.508"/>
  <system-out>
    <![CDATA[Insertion Link Navigation Workshttp://dsportalapp.herokuapp.com/linked-list/insertion-in-linked-list/]]>
  </system-out>
  <testcase classname="com.automation.testcases.TestLinks_AllLinkedLists_Options" name="Introduction_Check" time="2.441"/>
  <system-out>
    <![CDATA[The Introduction Link Navigation Workshttp://dsportalapp.herokuapp.com/linked-list/introduction/]]>
  </system-out>
  <testcase classname="com.automation.testcases.TestLinks_AllLinkedLists_Options" name="Deletion" time="3.919"/>
  <system-out>
    <![CDATA[Deletion Link Navigation Workshttp://dsportalapp.herokuapp.com/linked-list/deletion-in-linked-list/]]>
  </system-out>
  <testcase classname="com.automation.testcases.TestLinks_AllLinkedLists_Options" name="Types_Of_Linked_List" time="2.606"/>
  <system-out>
    <![CDATA[Types Link Navigation Workshttp://dsportalapp.herokuapp.com/linked-list/types-of-linked-list/]]>
  </system-out>
</testsuite> <!-- com.automation.testcases.TestLinks_AllLinkedLists_Options -->
